<?xml version="1.0" encoding="UTF-8"?>
<!-- Generated by org.testng.reporters.JUnitReportReporter -->
<testsuite hostname="DESKTOP-V3782BK" failures="0" tests="1" name="facebook.Log_in" time="7.161" errors="0" timestamp="2022-08-11T20:28:43 IST" skipped="0">
  <testcase classname="facebook.Log_in" name="test" time="7.161"/>
  <system-out/>
</testsuite> <!-- facebook.Log_in -->
